2017-07-14 23:36:22.030 [ItemChannelLinkAddedEvent ] - Link 'Blanket_Switch-zwave:device:2e7f75dc:node2:switch_binary' has been added.
2017-07-14 23:36:22.031 [ItemChannelLinkAddedEvent ] - Link 'Blanket_Power-zwave:device:2e7f75dc:node2:meter_watts' has been added.
2017-07-14 23:36:22.032 [ItemChannelLinkAddedEvent ] - Link 'SDB_Switch-zwave:device:2e7f75dc:node4:sensor_binary' has been added.
2017-07-14 23:36:22.032 [ItemChannelLinkAddedEvent ] - Link 'SDB_Temp-zwave:device:2e7f75dc:node4:sensor_multilevel' has been added.
2017-07-14 23:36:22.044 [ItemChannelLinkAddedEvent ] - Link 'Floor_Lamp-zwave:device:2e7f75dc:node3:switch_binary' has been added.
2017-07-14 23:36:22.045 [ItemChannelLinkAddedEvent ] - Link 'heater-zwave:device:2e7f75dc:node8:switch_binary' has been added.
2017-07-14 23:36:22.045 [ItemChannelLinkAddedEvent ] - Link 'Light_Living-zwave:device:2e7f75dc:node5:switch_binary2' has been added.
2017-07-14 23:36:22.046 [ItemChannelLinkAddedEvent ] - Link 'Light_Dining-zwave:device:2e7f75dc:node5:switch_binary1' has been added.
2017-07-14 23:36:22.046 [ItemChannelLinkAddedEvent ] - Link 'Tree-zwave:device:2e7f75dc:node7:switch_binary1' has been added.
2017-07-14 23:36:22.047 [ItemChannelLinkAddedEvent ] - Link 'Router-zwave:device:2e7f75dc:node7:switch_binary2' has been added.
2017-07-14 23:36:22.048 [ItemChannelLinkAddedEvent ] - Link 'Ampli-zwave:device:2e7f75dc:node7:switch_binary4' has been added.
2017-07-14 23:36:22.048 [ItemChannelLinkAddedEvent ] - Link 'TV-zwave:device:2e7f75dc:node7:switch_binary5' has been added.
2017-07-14 23:36:22.049 [ItemChannelLinkAddedEvent ] - Link 'Light_Deco-zwave:device:2e7f75dc:node7:switch_binary6' has been added.
2017-07-14 23:36:22.049 [ItemChannelLinkAddedEvent ] - Link 'TV_Cons-zwave:device:2e7f75dc:node7:meter_watts5' has been added.
2017-07-14 23:36:24.083 [ExtensionEvent            ] - Extension 'package-expert' has been installed.
2017-07-14 23:36:30.362 [ExtensionEvent            ] - Extension 'ui-basic' has been installed.
2017-07-14 23:36:30.362 [ExtensionEvent            ] - Extension 'ui-classic' has been installed.
2017-07-14 23:36:30.363 [ExtensionEvent            ] - Extension 'ui-habmin' has been installed.
2017-07-14 23:36:30.364 [ExtensionEvent            ] - Extension 'ui-paper' has been installed.
2017-07-14 23:36:30.365 [ExtensionEvent            ] - Extension 'binding-zwave' has been installed.
2017-07-14 23:36:34.330 [ExtensionEvent            ] - Extension 'transformation-xpath' has been installed.
2017-07-14 23:36:34.331 [ExtensionEvent            ] - Extension 'transformation-map' has been installed.
2017-07-14 23:36:34.331 [ExtensionEvent            ] - Extension 'misc-restdocs' has been installed.
2017-07-14 23:36:34.331 [ExtensionEvent            ] - Extension 'transformation-javascript' has been installed.
2017-07-14 23:36:34.332 [ExtensionEvent            ] - Extension 'transformation-xslt' has been installed.
2017-07-14 23:36:34.332 [ExtensionEvent            ] - Extension 'ui-habpanel' has been installed.
2017-07-14 23:36:34.333 [ExtensionEvent            ] - Extension 'transformation-regex' has been installed.
2017-07-14 23:36:34.333 [ExtensionEvent            ] - Extension 'transformation-exec' has been installed.
2017-07-14 23:36:34.334 [ExtensionEvent            ] - Extension 'transformation-scale' has been installed.
2017-07-14 23:36:34.334 [ExtensionEvent            ] - Extension 'transformation-jsonpath' has been installed.
